c:\users\dlfcn\onedrive\바탕 화면\sample\strcmp\strcmp\debug\vc142.pdb
c:\users\dlfcn\onedrive\바탕 화면\sample\strcmp\strcmp\debug\vc142.idb
c:\users\dlfcn\onedrive\바탕 화면\sample\strcmp\strcmp\debug\strcmp.obj
c:\users\dlfcn\onedrive\문서\github\study\c language\strmp\strcmp\strcmp\debug\vc142.pdb
c:\users\dlfcn\onedrive\문서\github\study\c language\strmp\strcmp\strcmp\debug\vc142.idb
c:\users\dlfcn\onedrive\문서\github\study\c language\strmp\strcmp\strcmp\debug\strcmp.obj
c:\users\jo\documents\github\study\c language\strmp\strcmp\strcmp\debug\vc142.pdb
c:\users\jo\documents\github\study\c language\strmp\strcmp\strcmp\debug\vc142.idb
c:\users\jo\documents\github\study\c language\strmp\strcmp\strcmp\debug\strcmp.obj
c:\users\dlfcn\onedrive\바탕 화면\sample\strcmp\debug\strcmp.exe
c:\users\dlfcn\onedrive\바탕 화면\sample\strcmp\debug\strcmp.ilk
c:\users\dlfcn\onedrive\바탕 화면\sample\strcmp\debug\strcmp.pdb
c:\users\dlfcn\onedrive\문서\github\study\c language\strmp\strcmp\debug\strcmp.exe
c:\users\dlfcn\onedrive\문서\github\study\c language\strmp\strcmp\debug\strcmp.ilk
c:\users\dlfcn\onedrive\문서\github\study\c language\strmp\strcmp\debug\strcmp.pdb
c:\users\jo\documents\github\study\c language\strmp\strcmp\debug\strcmp.ilk
c:\users\jo\documents\github\study\c language\strmp\strcmp\debug\strcmp.exe
c:\users\jo\documents\github\study\c language\strmp\strcmp\debug\strcmp.pdb
c:\users\jo\documents\github\study\c language\strmp\strcmp\strcmp\debug\strcmp.tlog\cl.command.1.tlog
c:\users\jo\documents\github\study\c language\strmp\strcmp\strcmp\debug\strcmp.tlog\cl.read.1.tlog
c:\users\jo\documents\github\study\c language\strmp\strcmp\strcmp\debug\strcmp.tlog\cl.write.1.tlog
c:\users\jo\documents\github\study\c language\strmp\strcmp\strcmp\debug\strcmp.tlog\link.command.1.tlog
c:\users\jo\documents\github\study\c language\strmp\strcmp\strcmp\debug\strcmp.tlog\link.read.1.tlog
c:\users\jo\documents\github\study\c language\strmp\strcmp\strcmp\debug\strcmp.tlog\link.write.1.tlog
